[2018-05-12 14:23:24.954] [exthost1] [info] extension host started
[2018-05-12 14:23:24.977] [exthost1] [info] ExtensionService#_doActivateExtension vscode.emmet {"startup":true,"activationEvent":"*"}
[2018-05-12 14:23:24.977] [exthost1] [info] ExtensionService#loadCommonJSModule /usr/share/code/resources/app/extensions/emmet/out/extension
[2018-05-12 14:23:25.030] [exthost1] [info] ExtensionService#_doActivateExtension vscode.git {"startup":true,"activationEvent":"*"}
[2018-05-12 14:23:25.030] [exthost1] [info] ExtensionService#loadCommonJSModule /usr/share/code/resources/app/extensions/git/out/main
[2018-05-12 14:23:25.178] [exthost1] [info] ExtensionService#_doActivateExtension vscode.merge-conflict {"startup":true,"activationEvent":"*"}
[2018-05-12 14:23:25.178] [exthost1] [info] ExtensionService#loadCommonJSModule /usr/share/code/resources/app/extensions/merge-conflict/out/extension
[2018-05-12 14:23:25.187] [exthost1] [info] ExtensionService#_doActivateExtension formulahendry.auto-close-tag {"startup":true,"activationEvent":"*"}
[2018-05-12 14:23:25.187] [exthost1] [info] ExtensionService#loadCommonJSModule /home/mr_new/.vscode/extensions/formulahendry.auto-close-tag-0.5.6/out/src/extension
[2018-05-12 14:23:25.188] [exthost1] [info] eager extensions activated
[2018-05-12 14:42:30.749] [exthost1] [info] extension host started
[2018-05-12 14:42:30.772] [exthost1] [info] ExtensionService#_doActivateExtension vscode.emmet {"startup":true,"activationEvent":"*"}
[2018-05-12 14:42:30.772] [exthost1] [info] ExtensionService#loadCommonJSModule /usr/share/code/resources/app/extensions/emmet/out/extension
[2018-05-12 14:42:30.824] [exthost1] [info] ExtensionService#_doActivateExtension vscode.git {"startup":true,"activationEvent":"*"}
[2018-05-12 14:42:30.824] [exthost1] [info] ExtensionService#loadCommonJSModule /usr/share/code/resources/app/extensions/git/out/main
[2018-05-12 14:42:30.962] [exthost1] [info] ExtensionService#_doActivateExtension vscode.merge-conflict {"startup":true,"activationEvent":"*"}
[2018-05-12 14:42:30.962] [exthost1] [info] ExtensionService#loadCommonJSModule /usr/share/code/resources/app/extensions/merge-conflict/out/extension
[2018-05-12 14:42:30.971] [exthost1] [info] ExtensionService#_doActivateExtension formulahendry.auto-close-tag {"startup":true,"activationEvent":"*"}
[2018-05-12 14:42:30.971] [exthost1] [info] ExtensionService#loadCommonJSModule /home/mr_new/.vscode/extensions/formulahendry.auto-close-tag-0.5.6/out/src/extension
[2018-05-12 14:42:30.972] [exthost1] [info] eager extensions activated
[2018-05-12 14:42:30.972] [exthost1] [info] ExtensionService#_doActivateExtension ms-mssql.mssql {"startup":false,"activationEvent":"onLanguage:sql"}
[2018-05-12 14:42:30.972] [exthost1] [info] ExtensionService#loadCommonJSModule /home/mr_new/.vscode/extensions/ms-mssql.mssql-1.3.1/out/src/extension
[2018-05-12 14:43:15.120] [exthost1] [info] ExtensionService#_doActivateExtension vscode.configuration-editing {"startup":false,"activationEvent":"onLanguage:jsonc"}
[2018-05-12 14:43:15.120] [exthost1] [info] ExtensionService#loadCommonJSModule /usr/share/code/resources/app/extensions/configuration-editing/out/extension
[2018-05-12 14:43:15.165] [exthost1] [info] ExtensionService#_doActivateExtension vscode.json-language-features {"startup":false,"activationEvent":"onLanguage:jsonc"}
[2018-05-12 14:43:15.165] [exthost1] [info] ExtensionService#loadCommonJSModule /usr/share/code/resources/app/extensions/json-language-features/client/out/jsonMain
[2018-05-12 15:02:42.325] [exthost1] [info] extension host started
[2018-05-12 15:02:42.351] [exthost1] [info] ExtensionService#_doActivateExtension vscode.emmet {"startup":true,"activationEvent":"*"}
[2018-05-12 15:02:42.351] [exthost1] [info] ExtensionService#loadCommonJSModule /usr/share/code/resources/app/extensions/emmet/out/extension
[2018-05-12 15:02:42.402] [exthost1] [info] ExtensionService#_doActivateExtension vscode.git {"startup":true,"activationEvent":"*"}
[2018-05-12 15:02:42.402] [exthost1] [info] ExtensionService#loadCommonJSModule /usr/share/code/resources/app/extensions/git/out/main
[2018-05-12 15:02:42.539] [exthost1] [info] ExtensionService#_doActivateExtension vscode.merge-conflict {"startup":true,"activationEvent":"*"}
[2018-05-12 15:02:42.539] [exthost1] [info] ExtensionService#loadCommonJSModule /usr/share/code/resources/app/extensions/merge-conflict/out/extension
[2018-05-12 15:02:42.548] [exthost1] [info] ExtensionService#_doActivateExtension formulahendry.auto-close-tag {"startup":true,"activationEvent":"*"}
[2018-05-12 15:02:42.548] [exthost1] [info] ExtensionService#loadCommonJSModule /home/mr_new/.vscode/extensions/formulahendry.auto-close-tag-0.5.6/out/src/extension
[2018-05-12 15:02:42.926] [exthost1] [info] eager extensions activated
[2018-05-12 15:02:59.145] [exthost1] [info] ExtensionService#_doActivateExtension vscode.php-language-features {"startup":false,"activationEvent":"onLanguage:php"}
[2018-05-12 15:02:59.145] [exthost1] [info] ExtensionService#loadCommonJSModule /usr/share/code/resources/app/extensions/php-language-features/out/phpMain
[2018-05-12 15:02:59.196] [exthost1] [info] ExtensionService#_doActivateExtension felixfbecker.php-intellisense {"startup":false,"activationEvent":"onLanguage:php"}
[2018-05-12 15:02:59.196] [exthost1] [info] ExtensionService#loadCommonJSModule /home/mr_new/.vscode/extensions/felixfbecker.php-intellisense-2.3.1/out/extension
[2018-05-12 17:06:12.397] [exthost1] [info] ExtensionService#_doActivateExtension vscode.css-language-features {"startup":false,"activationEvent":"onLanguage:css"}
[2018-05-12 17:06:12.398] [exthost1] [info] ExtensionService#loadCommonJSModule /usr/share/code/resources/app/extensions/css-language-features/client/out/cssMain
[2018-05-12 17:06:43.825] [exthost1] [info] ExtensionService#_doActivateExtension vscode.html-language-features {"startup":false,"activationEvent":"onLanguage:html"}
[2018-05-12 17:06:43.825] [exthost1] [info] ExtensionService#loadCommonJSModule /usr/share/code/resources/app/extensions/html-language-features/client/out/htmlMain
[2018-05-12 18:33:35.772] [exthost1] [info] ExtensionService#_doActivateExtension formulahendry.code-runner {"startup":false,"activationEvent":"onCommand:code-runner.run"}
[2018-05-12 18:33:35.773] [exthost1] [info] ExtensionService#loadCommonJSModule /home/mr_new/.vscode/extensions/formulahendry.code-runner-0.9.3/out/src/extension
[2018-05-12 20:17:49.739] [exthost1] [info] ExtensionService#_doActivateExtension ms-mssql.mssql {"startup":false,"activationEvent":"onLanguage:sql"}
[2018-05-12 20:17:49.739] [exthost1] [info] ExtensionService#loadCommonJSModule /home/mr_new/.vscode/extensions/ms-mssql.mssql-1.3.1/out/src/extension
