[2018-05-12 14:43:43.273] [renderer1] [error] Cannot read property 'map' of null: TypeError: Cannot read property 'map' of null
	at asSignatureInformations (/home/mr_new/.vscode/extensions/ms-mssql.mssql-1.3.1/node_modules/vscode-languageclient/lib/protocolConverter.js:133:21)
	at /home/mr_new/.vscode/extensions/ms-mssql.mssql-1.3.1/node_modules/vscode-languageclient/lib/protocolConverter.js:129:71
	at set (/home/mr_new/.vscode/extensions/ms-mssql.mssql-1.3.1/node_modules/vscode-languageclient/lib/protocolConverter.js:89:13)
	at asSignatureHelp (/home/mr_new/.vscode/extensions/ms-mssql.mssql-1.3.1/node_modules/vscode-languageclient/lib/protocolConverter.js:129:9)
	at <anonymous>
[2018-05-12 14:43:46.366] [renderer1] [error] Cannot read property 'map' of null: TypeError: Cannot read property 'map' of null
	at asSignatureInformations (/home/mr_new/.vscode/extensions/ms-mssql.mssql-1.3.1/node_modules/vscode-languageclient/lib/protocolConverter.js:133:21)
	at /home/mr_new/.vscode/extensions/ms-mssql.mssql-1.3.1/node_modules/vscode-languageclient/lib/protocolConverter.js:129:71
	at set (/home/mr_new/.vscode/extensions/ms-mssql.mssql-1.3.1/node_modules/vscode-languageclient/lib/protocolConverter.js:89:13)
	at asSignatureHelp (/home/mr_new/.vscode/extensions/ms-mssql.mssql-1.3.1/node_modules/vscode-languageclient/lib/protocolConverter.js:129:9)
	at <anonymous>
[2018-05-12 14:43:54.780] [renderer1] [error] Cannot read property 'map' of null: TypeError: Cannot read property 'map' of null
	at asSignatureInformations (/home/mr_new/.vscode/extensions/ms-mssql.mssql-1.3.1/node_modules/vscode-languageclient/lib/protocolConverter.js:133:21)
	at /home/mr_new/.vscode/extensions/ms-mssql.mssql-1.3.1/node_modules/vscode-languageclient/lib/protocolConverter.js:129:71
	at set (/home/mr_new/.vscode/extensions/ms-mssql.mssql-1.3.1/node_modules/vscode-languageclient/lib/protocolConverter.js:89:13)
	at asSignatureHelp (/home/mr_new/.vscode/extensions/ms-mssql.mssql-1.3.1/node_modules/vscode-languageclient/lib/protocolConverter.js:129:9)
	at <anonymous>
[2018-05-12 14:44:12.430] [renderer1] [error] Cannot read property 'map' of null: TypeError: Cannot read property 'map' of null
	at asSignatureInformations (/home/mr_new/.vscode/extensions/ms-mssql.mssql-1.3.1/node_modules/vscode-languageclient/lib/protocolConverter.js:133:21)
	at /home/mr_new/.vscode/extensions/ms-mssql.mssql-1.3.1/node_modules/vscode-languageclient/lib/protocolConverter.js:129:71
	at set (/home/mr_new/.vscode/extensions/ms-mssql.mssql-1.3.1/node_modules/vscode-languageclient/lib/protocolConverter.js:89:13)
	at asSignatureHelp (/home/mr_new/.vscode/extensions/ms-mssql.mssql-1.3.1/node_modules/vscode-languageclient/lib/protocolConverter.js:129:9)
	at <anonymous>
[2018-05-12 14:44:13.494] [renderer1] [error] Cannot read property 'map' of null: TypeError: Cannot read property 'map' of null
	at asSignatureInformations (/home/mr_new/.vscode/extensions/ms-mssql.mssql-1.3.1/node_modules/vscode-languageclient/lib/protocolConverter.js:133:21)
	at /home/mr_new/.vscode/extensions/ms-mssql.mssql-1.3.1/node_modules/vscode-languageclient/lib/protocolConverter.js:129:71
	at set (/home/mr_new/.vscode/extensions/ms-mssql.mssql-1.3.1/node_modules/vscode-languageclient/lib/protocolConverter.js:89:13)
	at asSignatureHelp (/home/mr_new/.vscode/extensions/ms-mssql.mssql-1.3.1/node_modules/vscode-languageclient/lib/protocolConverter.js:129:9)
	at <anonymous>
[2018-05-12 14:44:20.747] [renderer1] [error] Cannot read property 'map' of null: TypeError: Cannot read property 'map' of null
	at asSignatureInformations (/home/mr_new/.vscode/extensions/ms-mssql.mssql-1.3.1/node_modules/vscode-languageclient/lib/protocolConverter.js:133:21)
	at /home/mr_new/.vscode/extensions/ms-mssql.mssql-1.3.1/node_modules/vscode-languageclient/lib/protocolConverter.js:129:71
	at set (/home/mr_new/.vscode/extensions/ms-mssql.mssql-1.3.1/node_modules/vscode-languageclient/lib/protocolConverter.js:89:13)
	at asSignatureHelp (/home/mr_new/.vscode/extensions/ms-mssql.mssql-1.3.1/node_modules/vscode-languageclient/lib/protocolConverter.js:129:9)
	at <anonymous>
[2018-05-12 14:44:52.110] [renderer1] [error] Cannot read property 'map' of null: TypeError: Cannot read property 'map' of null
	at asSignatureInformations (/home/mr_new/.vscode/extensions/ms-mssql.mssql-1.3.1/node_modules/vscode-languageclient/lib/protocolConverter.js:133:21)
	at /home/mr_new/.vscode/extensions/ms-mssql.mssql-1.3.1/node_modules/vscode-languageclient/lib/protocolConverter.js:129:71
	at set (/home/mr_new/.vscode/extensions/ms-mssql.mssql-1.3.1/node_modules/vscode-languageclient/lib/protocolConverter.js:89:13)
	at asSignatureHelp (/home/mr_new/.vscode/extensions/ms-mssql.mssql-1.3.1/node_modules/vscode-languageclient/lib/protocolConverter.js:129:9)
	at <anonymous>
[2018-05-12 14:44:59.566] [renderer1] [error] Cannot read property 'map' of null: TypeError: Cannot read property 'map' of null
	at asSignatureInformations (/home/mr_new/.vscode/extensions/ms-mssql.mssql-1.3.1/node_modules/vscode-languageclient/lib/protocolConverter.js:133:21)
	at /home/mr_new/.vscode/extensions/ms-mssql.mssql-1.3.1/node_modules/vscode-languageclient/lib/protocolConverter.js:129:71
	at set (/home/mr_new/.vscode/extensions/ms-mssql.mssql-1.3.1/node_modules/vscode-languageclient/lib/protocolConverter.js:89:13)
	at asSignatureHelp (/home/mr_new/.vscode/extensions/ms-mssql.mssql-1.3.1/node_modules/vscode-languageclient/lib/protocolConverter.js:129:9)
	at <anonymous>
[2018-05-12 14:45:05.961] [renderer1] [error] Cannot read property 'map' of null: TypeError: Cannot read property 'map' of null
	at asSignatureInformations (/home/mr_new/.vscode/extensions/ms-mssql.mssql-1.3.1/node_modules/vscode-languageclient/lib/protocolConverter.js:133:21)
	at /home/mr_new/.vscode/extensions/ms-mssql.mssql-1.3.1/node_modules/vscode-languageclient/lib/protocolConverter.js:129:71
	at set (/home/mr_new/.vscode/extensions/ms-mssql.mssql-1.3.1/node_modules/vscode-languageclient/lib/protocolConverter.js:89:13)
	at asSignatureHelp (/home/mr_new/.vscode/extensions/ms-mssql.mssql-1.3.1/node_modules/vscode-languageclient/lib/protocolConverter.js:129:9)
	at <anonymous>
[2018-05-12 14:45:08.168] [renderer1] [error] Cannot read property 'map' of null: TypeError: Cannot read property 'map' of null
	at asSignatureInformations (/home/mr_new/.vscode/extensions/ms-mssql.mssql-1.3.1/node_modules/vscode-languageclient/lib/protocolConverter.js:133:21)
	at /home/mr_new/.vscode/extensions/ms-mssql.mssql-1.3.1/node_modules/vscode-languageclient/lib/protocolConverter.js:129:71
	at set (/home/mr_new/.vscode/extensions/ms-mssql.mssql-1.3.1/node_modules/vscode-languageclient/lib/protocolConverter.js:89:13)
	at asSignatureHelp (/home/mr_new/.vscode/extensions/ms-mssql.mssql-1.3.1/node_modules/vscode-languageclient/lib/protocolConverter.js:129:9)
	at <anonymous>
[2018-05-12 14:45:09.621] [renderer1] [error] Cannot read property 'map' of null: TypeError: Cannot read property 'map' of null
	at asSignatureInformations (/home/mr_new/.vscode/extensions/ms-mssql.mssql-1.3.1/node_modules/vscode-languageclient/lib/protocolConverter.js:133:21)
	at /home/mr_new/.vscode/extensions/ms-mssql.mssql-1.3.1/node_modules/vscode-languageclient/lib/protocolConverter.js:129:71
	at set (/home/mr_new/.vscode/extensions/ms-mssql.mssql-1.3.1/node_modules/vscode-languageclient/lib/protocolConverter.js:89:13)
	at asSignatureHelp (/home/mr_new/.vscode/extensions/ms-mssql.mssql-1.3.1/node_modules/vscode-languageclient/lib/protocolConverter.js:129:9)
	at <anonymous>
[2018-05-12 14:45:12.144] [renderer1] [error] Cannot read property 'map' of null: TypeError: Cannot read property 'map' of null
	at asSignatureInformations (/home/mr_new/.vscode/extensions/ms-mssql.mssql-1.3.1/node_modules/vscode-languageclient/lib/protocolConverter.js:133:21)
	at /home/mr_new/.vscode/extensions/ms-mssql.mssql-1.3.1/node_modules/vscode-languageclient/lib/protocolConverter.js:129:71
	at set (/home/mr_new/.vscode/extensions/ms-mssql.mssql-1.3.1/node_modules/vscode-languageclient/lib/protocolConverter.js:89:13)
	at asSignatureHelp (/home/mr_new/.vscode/extensions/ms-mssql.mssql-1.3.1/node_modules/vscode-languageclient/lib/protocolConverter.js:129:9)
	at <anonymous>
[2018-05-12 14:45:17.104] [renderer1] [error] Cannot read property 'map' of null: TypeError: Cannot read property 'map' of null
	at asSignatureInformations (/home/mr_new/.vscode/extensions/ms-mssql.mssql-1.3.1/node_modules/vscode-languageclient/lib/protocolConverter.js:133:21)
	at /home/mr_new/.vscode/extensions/ms-mssql.mssql-1.3.1/node_modules/vscode-languageclient/lib/protocolConverter.js:129:71
	at set (/home/mr_new/.vscode/extensions/ms-mssql.mssql-1.3.1/node_modules/vscode-languageclient/lib/protocolConverter.js:89:13)
	at asSignatureHelp (/home/mr_new/.vscode/extensions/ms-mssql.mssql-1.3.1/node_modules/vscode-languageclient/lib/protocolConverter.js:129:9)
	at <anonymous>
[2018-05-12 14:45:22.783] [renderer1] [error] Cannot read property 'map' of null: TypeError: Cannot read property 'map' of null
	at asSignatureInformations (/home/mr_new/.vscode/extensions/ms-mssql.mssql-1.3.1/node_modules/vscode-languageclient/lib/protocolConverter.js:133:21)
	at /home/mr_new/.vscode/extensions/ms-mssql.mssql-1.3.1/node_modules/vscode-languageclient/lib/protocolConverter.js:129:71
	at set (/home/mr_new/.vscode/extensions/ms-mssql.mssql-1.3.1/node_modules/vscode-languageclient/lib/protocolConverter.js:89:13)
	at asSignatureHelp (/home/mr_new/.vscode/extensions/ms-mssql.mssql-1.3.1/node_modules/vscode-languageclient/lib/protocolConverter.js:129:9)
	at <anonymous>
[2018-05-12 14:45:36.901] [renderer1] [error] Cannot read property 'map' of null: TypeError: Cannot read property 'map' of null
	at asSignatureInformations (/home/mr_new/.vscode/extensions/ms-mssql.mssql-1.3.1/node_modules/vscode-languageclient/lib/protocolConverter.js:133:21)
	at /home/mr_new/.vscode/extensions/ms-mssql.mssql-1.3.1/node_modules/vscode-languageclient/lib/protocolConverter.js:129:71
	at set (/home/mr_new/.vscode/extensions/ms-mssql.mssql-1.3.1/node_modules/vscode-languageclient/lib/protocolConverter.js:89:13)
	at asSignatureHelp (/home/mr_new/.vscode/extensions/ms-mssql.mssql-1.3.1/node_modules/vscode-languageclient/lib/protocolConverter.js:129:9)
	at <anonymous>
[2018-05-12 14:45:45.890] [renderer1] [error] Cannot read property 'map' of null: TypeError: Cannot read property 'map' of null
	at asSignatureInformations (/home/mr_new/.vscode/extensions/ms-mssql.mssql-1.3.1/node_modules/vscode-languageclient/lib/protocolConverter.js:133:21)
	at /home/mr_new/.vscode/extensions/ms-mssql.mssql-1.3.1/node_modules/vscode-languageclient/lib/protocolConverter.js:129:71
	at set (/home/mr_new/.vscode/extensions/ms-mssql.mssql-1.3.1/node_modules/vscode-languageclient/lib/protocolConverter.js:89:13)
	at asSignatureHelp (/home/mr_new/.vscode/extensions/ms-mssql.mssql-1.3.1/node_modules/vscode-languageclient/lib/protocolConverter.js:129:9)
	at <anonymous>
[2018-05-12 14:45:54.436] [renderer1] [error] Cannot read property 'map' of null: TypeError: Cannot read property 'map' of null
	at asSignatureInformations (/home/mr_new/.vscode/extensions/ms-mssql.mssql-1.3.1/node_modules/vscode-languageclient/lib/protocolConverter.js:133:21)
	at /home/mr_new/.vscode/extensions/ms-mssql.mssql-1.3.1/node_modules/vscode-languageclient/lib/protocolConverter.js:129:71
	at set (/home/mr_new/.vscode/extensions/ms-mssql.mssql-1.3.1/node_modules/vscode-languageclient/lib/protocolConverter.js:89:13)
	at asSignatureHelp (/home/mr_new/.vscode/extensions/ms-mssql.mssql-1.3.1/node_modules/vscode-languageclient/lib/protocolConverter.js:129:9)
	at <anonymous>
[2018-05-12 14:45:56.285] [renderer1] [error] Cannot read property 'map' of null: TypeError: Cannot read property 'map' of null
	at asSignatureInformations (/home/mr_new/.vscode/extensions/ms-mssql.mssql-1.3.1/node_modules/vscode-languageclient/lib/protocolConverter.js:133:21)
	at /home/mr_new/.vscode/extensions/ms-mssql.mssql-1.3.1/node_modules/vscode-languageclient/lib/protocolConverter.js:129:71
	at set (/home/mr_new/.vscode/extensions/ms-mssql.mssql-1.3.1/node_modules/vscode-languageclient/lib/protocolConverter.js:89:13)
	at asSignatureHelp (/home/mr_new/.vscode/extensions/ms-mssql.mssql-1.3.1/node_modules/vscode-languageclient/lib/protocolConverter.js:129:9)
	at <anonymous>
[2018-05-12 14:46:03.538] [renderer1] [error] Cannot read property 'map' of null: TypeError: Cannot read property 'map' of null
	at asSignatureInformations (/home/mr_new/.vscode/extensions/ms-mssql.mssql-1.3.1/node_modules/vscode-languageclient/lib/protocolConverter.js:133:21)
	at /home/mr_new/.vscode/extensions/ms-mssql.mssql-1.3.1/node_modules/vscode-languageclient/lib/protocolConverter.js:129:71
	at set (/home/mr_new/.vscode/extensions/ms-mssql.mssql-1.3.1/node_modules/vscode-languageclient/lib/protocolConverter.js:89:13)
	at asSignatureHelp (/home/mr_new/.vscode/extensions/ms-mssql.mssql-1.3.1/node_modules/vscode-languageclient/lib/protocolConverter.js:129:9)
	at <anonymous>
[2018-05-12 14:46:07.709] [renderer1] [error] Illegal argument, contents must be defined: Error: Illegal argument, contents must be defined
	at new <anonymous> (/usr/share/code/resources/app/out/vs/workbench/node/extensionHostProcess.js:440:720)
	at asHover (/home/mr_new/.vscode/extensions/ms-mssql.mssql-1.3.1/node_modules/vscode-languageclient/lib/protocolConverter.js:71:16)
	at <anonymous>
[2018-05-12 14:46:23.801] [renderer1] [error] Cannot read property 'map' of null: TypeError: Cannot read property 'map' of null
	at asSignatureInformations (/home/mr_new/.vscode/extensions/ms-mssql.mssql-1.3.1/node_modules/vscode-languageclient/lib/protocolConverter.js:133:21)
	at /home/mr_new/.vscode/extensions/ms-mssql.mssql-1.3.1/node_modules/vscode-languageclient/lib/protocolConverter.js:129:71
	at set (/home/mr_new/.vscode/extensions/ms-mssql.mssql-1.3.1/node_modules/vscode-languageclient/lib/protocolConverter.js:89:13)
	at asSignatureHelp (/home/mr_new/.vscode/extensions/ms-mssql.mssql-1.3.1/node_modules/vscode-languageclient/lib/protocolConverter.js:129:9)
	at <anonymous>
[2018-05-12 14:46:28.512] [renderer1] [error] Illegal argument, contents must be defined: Error: Illegal argument, contents must be defined
	at new <anonymous> (/usr/share/code/resources/app/out/vs/workbench/node/extensionHostProcess.js:440:720)
	at asHover (/home/mr_new/.vscode/extensions/ms-mssql.mssql-1.3.1/node_modules/vscode-languageclient/lib/protocolConverter.js:71:16)
	at <anonymous>
[2018-05-12 14:46:30.114] [renderer1] [error] Illegal argument, contents must be defined: Error: Illegal argument, contents must be defined
	at new <anonymous> (/usr/share/code/resources/app/out/vs/workbench/node/extensionHostProcess.js:440:720)
	at asHover (/home/mr_new/.vscode/extensions/ms-mssql.mssql-1.3.1/node_modules/vscode-languageclient/lib/protocolConverter.js:71:16)
	at <anonymous>
[2018-05-12 14:46:37.655] [renderer1] [error] Illegal argument, contents must be defined: Error: Illegal argument, contents must be defined
	at new <anonymous> (/usr/share/code/resources/app/out/vs/workbench/node/extensionHostProcess.js:440:720)
	at asHover (/home/mr_new/.vscode/extensions/ms-mssql.mssql-1.3.1/node_modules/vscode-languageclient/lib/protocolConverter.js:71:16)
	at <anonymous>
[2018-05-12 14:46:39.643] [renderer1] [error] Cannot read property 'map' of null: TypeError: Cannot read property 'map' of null
	at asSignatureInformations (/home/mr_new/.vscode/extensions/ms-mssql.mssql-1.3.1/node_modules/vscode-languageclient/lib/protocolConverter.js:133:21)
	at /home/mr_new/.vscode/extensions/ms-mssql.mssql-1.3.1/node_modules/vscode-languageclient/lib/protocolConverter.js:129:71
	at set (/home/mr_new/.vscode/extensions/ms-mssql.mssql-1.3.1/node_modules/vscode-languageclient/lib/protocolConverter.js:89:13)
	at asSignatureHelp (/home/mr_new/.vscode/extensions/ms-mssql.mssql-1.3.1/node_modules/vscode-languageclient/lib/protocolConverter.js:129:9)
	at <anonymous>
[2018-05-12 14:46:40.742] [renderer1] [error] Cannot read property 'map' of null: TypeError: Cannot read property 'map' of null
	at asSignatureInformations (/home/mr_new/.vscode/extensions/ms-mssql.mssql-1.3.1/node_modules/vscode-languageclient/lib/protocolConverter.js:133:21)
	at /home/mr_new/.vscode/extensions/ms-mssql.mssql-1.3.1/node_modules/vscode-languageclient/lib/protocolConverter.js:129:71
	at set (/home/mr_new/.vscode/extensions/ms-mssql.mssql-1.3.1/node_modules/vscode-languageclient/lib/protocolConverter.js:89:13)
	at asSignatureHelp (/home/mr_new/.vscode/extensions/ms-mssql.mssql-1.3.1/node_modules/vscode-languageclient/lib/protocolConverter.js:129:9)
	at <anonymous>
[2018-05-12 14:46:54.084] [renderer1] [error] Illegal argument, contents must be defined: Error: Illegal argument, contents must be defined
	at new <anonymous> (/usr/share/code/resources/app/out/vs/workbench/node/extensionHostProcess.js:440:720)
	at asHover (/home/mr_new/.vscode/extensions/ms-mssql.mssql-1.3.1/node_modules/vscode-languageclient/lib/protocolConverter.js:71:16)
	at <anonymous>
[2018-05-12 14:54:24.435] [renderer1] [error] Illegal argument, contents must be defined: Error: Illegal argument, contents must be defined
	at new <anonymous> (/usr/share/code/resources/app/out/vs/workbench/node/extensionHostProcess.js:440:720)
	at asHover (/home/mr_new/.vscode/extensions/ms-mssql.mssql-1.3.1/node_modules/vscode-languageclient/lib/protocolConverter.js:71:16)
	at <anonymous>
[2018-05-12 14:54:25.900] [renderer1] [error] Illegal argument, contents must be defined: Error: Illegal argument, contents must be defined
	at new <anonymous> (/usr/share/code/resources/app/out/vs/workbench/node/extensionHostProcess.js:440:720)
	at asHover (/home/mr_new/.vscode/extensions/ms-mssql.mssql-1.3.1/node_modules/vscode-languageclient/lib/protocolConverter.js:71:16)
	at <anonymous>
[2018-05-12 14:54:34.285] [renderer1] [error] Cannot read property 'map' of null: TypeError: Cannot read property 'map' of null
	at asSignatureInformations (/home/mr_new/.vscode/extensions/ms-mssql.mssql-1.3.1/node_modules/vscode-languageclient/lib/protocolConverter.js:133:21)
	at /home/mr_new/.vscode/extensions/ms-mssql.mssql-1.3.1/node_modules/vscode-languageclient/lib/protocolConverter.js:129:71
	at set (/home/mr_new/.vscode/extensions/ms-mssql.mssql-1.3.1/node_modules/vscode-languageclient/lib/protocolConverter.js:89:13)
	at asSignatureHelp (/home/mr_new/.vscode/extensions/ms-mssql.mssql-1.3.1/node_modules/vscode-languageclient/lib/protocolConverter.js:129:9)
	at <anonymous>
[2018-05-12 14:54:35.345] [renderer1] [error] Cannot read property 'map' of null: TypeError: Cannot read property 'map' of null
	at asSignatureInformations (/home/mr_new/.vscode/extensions/ms-mssql.mssql-1.3.1/node_modules/vscode-languageclient/lib/protocolConverter.js:133:21)
	at /home/mr_new/.vscode/extensions/ms-mssql.mssql-1.3.1/node_modules/vscode-languageclient/lib/protocolConverter.js:129:71
	at set (/home/mr_new/.vscode/extensions/ms-mssql.mssql-1.3.1/node_modules/vscode-languageclient/lib/protocolConverter.js:89:13)
	at asSignatureHelp (/home/mr_new/.vscode/extensions/ms-mssql.mssql-1.3.1/node_modules/vscode-languageclient/lib/protocolConverter.js:129:9)
	at <anonymous>
[2018-05-12 14:54:42.604] [renderer1] [error] Illegal argument, contents must be defined: Error: Illegal argument, contents must be defined
	at new <anonymous> (/usr/share/code/resources/app/out/vs/workbench/node/extensionHostProcess.js:440:720)
	at asHover (/home/mr_new/.vscode/extensions/ms-mssql.mssql-1.3.1/node_modules/vscode-languageclient/lib/protocolConverter.js:71:16)
	at <anonymous>
[2018-05-12 14:55:07.574] [renderer1] [error] Illegal argument, contents must be defined: Error: Illegal argument, contents must be defined
	at new <anonymous> (/usr/share/code/resources/app/out/vs/workbench/node/extensionHostProcess.js:440:720)
	at asHover (/home/mr_new/.vscode/extensions/ms-mssql.mssql-1.3.1/node_modules/vscode-languageclient/lib/protocolConverter.js:71:16)
	at <anonymous>
[2018-05-12 14:55:18.513] [renderer1] [error] Illegal argument, contents must be defined: Error: Illegal argument, contents must be defined
	at new <anonymous> (/usr/share/code/resources/app/out/vs/workbench/node/extensionHostProcess.js:440:720)
	at asHover (/home/mr_new/.vscode/extensions/ms-mssql.mssql-1.3.1/node_modules/vscode-languageclient/lib/protocolConverter.js:71:16)
	at <anonymous>
[2018-05-12 14:55:26.404] [renderer1] [error] Illegal argument, contents must be defined: Error: Illegal argument, contents must be defined
	at new <anonymous> (/usr/share/code/resources/app/out/vs/workbench/node/extensionHostProcess.js:440:720)
	at asHover (/home/mr_new/.vscode/extensions/ms-mssql.mssql-1.3.1/node_modules/vscode-languageclient/lib/protocolConverter.js:71:16)
	at <anonymous>
[2018-05-12 14:55:29.331] [renderer1] [error] Illegal argument, contents must be defined: Error: Illegal argument, contents must be defined
	at new <anonymous> (/usr/share/code/resources/app/out/vs/workbench/node/extensionHostProcess.js:440:720)
	at asHover (/home/mr_new/.vscode/extensions/ms-mssql.mssql-1.3.1/node_modules/vscode-languageclient/lib/protocolConverter.js:71:16)
	at <anonymous>
[2018-05-12 14:55:32.744] [renderer1] [error] Illegal argument, contents must be defined: Error: Illegal argument, contents must be defined
	at new <anonymous> (/usr/share/code/resources/app/out/vs/workbench/node/extensionHostProcess.js:440:720)
	at asHover (/home/mr_new/.vscode/extensions/ms-mssql.mssql-1.3.1/node_modules/vscode-languageclient/lib/protocolConverter.js:71:16)
	at <anonymous>
[2018-05-12 14:55:40.564] [renderer1] [error] Cannot read property 'map' of null: TypeError: Cannot read property 'map' of null
	at asSignatureInformations (/home/mr_new/.vscode/extensions/ms-mssql.mssql-1.3.1/node_modules/vscode-languageclient/lib/protocolConverter.js:133:21)
	at /home/mr_new/.vscode/extensions/ms-mssql.mssql-1.3.1/node_modules/vscode-languageclient/lib/protocolConverter.js:129:71
	at set (/home/mr_new/.vscode/extensions/ms-mssql.mssql-1.3.1/node_modules/vscode-languageclient/lib/protocolConverter.js:89:13)
	at asSignatureHelp (/home/mr_new/.vscode/extensions/ms-mssql.mssql-1.3.1/node_modules/vscode-languageclient/lib/protocolConverter.js:129:9)
	at <anonymous>
[2018-05-12 14:55:54.677] [renderer1] [error] Cannot read property 'map' of null: TypeError: Cannot read property 'map' of null
	at asSignatureInformations (/home/mr_new/.vscode/extensions/ms-mssql.mssql-1.3.1/node_modules/vscode-languageclient/lib/protocolConverter.js:133:21)
	at /home/mr_new/.vscode/extensions/ms-mssql.mssql-1.3.1/node_modules/vscode-languageclient/lib/protocolConverter.js:129:71
	at set (/home/mr_new/.vscode/extensions/ms-mssql.mssql-1.3.1/node_modules/vscode-languageclient/lib/protocolConverter.js:89:13)
	at asSignatureHelp (/home/mr_new/.vscode/extensions/ms-mssql.mssql-1.3.1/node_modules/vscode-languageclient/lib/protocolConverter.js:129:9)
	at <anonymous>
[2018-05-12 14:55:55.766] [renderer1] [error] Cannot read property 'map' of null: TypeError: Cannot read property 'map' of null
	at asSignatureInformations (/home/mr_new/.vscode/extensions/ms-mssql.mssql-1.3.1/node_modules/vscode-languageclient/lib/protocolConverter.js:133:21)
	at /home/mr_new/.vscode/extensions/ms-mssql.mssql-1.3.1/node_modules/vscode-languageclient/lib/protocolConverter.js:129:71
	at set (/home/mr_new/.vscode/extensions/ms-mssql.mssql-1.3.1/node_modules/vscode-languageclient/lib/protocolConverter.js:89:13)
	at asSignatureHelp (/home/mr_new/.vscode/extensions/ms-mssql.mssql-1.3.1/node_modules/vscode-languageclient/lib/protocolConverter.js:129:9)
	at <anonymous>
[2018-05-12 14:55:57.690] [renderer1] [error] Cannot read property 'map' of null: TypeError: Cannot read property 'map' of null
	at asSignatureInformations (/home/mr_new/.vscode/extensions/ms-mssql.mssql-1.3.1/node_modules/vscode-languageclient/lib/protocolConverter.js:133:21)
	at /home/mr_new/.vscode/extensions/ms-mssql.mssql-1.3.1/node_modules/vscode-languageclient/lib/protocolConverter.js:129:71
	at set (/home/mr_new/.vscode/extensions/ms-mssql.mssql-1.3.1/node_modules/vscode-languageclient/lib/protocolConverter.js:89:13)
	at asSignatureHelp (/home/mr_new/.vscode/extensions/ms-mssql.mssql-1.3.1/node_modules/vscode-languageclient/lib/protocolConverter.js:129:9)
	at <anonymous>
[2018-05-12 14:56:02.406] [renderer1] [error] Illegal argument, contents must be defined: Error: Illegal argument, contents must be defined
	at new <anonymous> (/usr/share/code/resources/app/out/vs/workbench/node/extensionHostProcess.js:440:720)
	at asHover (/home/mr_new/.vscode/extensions/ms-mssql.mssql-1.3.1/node_modules/vscode-languageclient/lib/protocolConverter.js:71:16)
	at <anonymous>
[2018-05-12 14:56:08.331] [renderer1] [error] Cannot read property 'map' of null: TypeError: Cannot read property 'map' of null
	at asSignatureInformations (/home/mr_new/.vscode/extensions/ms-mssql.mssql-1.3.1/node_modules/vscode-languageclient/lib/protocolConverter.js:133:21)
	at /home/mr_new/.vscode/extensions/ms-mssql.mssql-1.3.1/node_modules/vscode-languageclient/lib/protocolConverter.js:129:71
	at set (/home/mr_new/.vscode/extensions/ms-mssql.mssql-1.3.1/node_modules/vscode-languageclient/lib/protocolConverter.js:89:13)
	at asSignatureHelp (/home/mr_new/.vscode/extensions/ms-mssql.mssql-1.3.1/node_modules/vscode-languageclient/lib/protocolConverter.js:129:9)
	at <anonymous>
[2018-05-12 14:56:22.956] [renderer1] [error] Cannot read property 'map' of null: TypeError: Cannot read property 'map' of null
	at asSignatureInformations (/home/mr_new/.vscode/extensions/ms-mssql.mssql-1.3.1/node_modules/vscode-languageclient/lib/protocolConverter.js:133:21)
	at /home/mr_new/.vscode/extensions/ms-mssql.mssql-1.3.1/node_modules/vscode-languageclient/lib/protocolConverter.js:129:71
	at set (/home/mr_new/.vscode/extensions/ms-mssql.mssql-1.3.1/node_modules/vscode-languageclient/lib/protocolConverter.js:89:13)
	at asSignatureHelp (/home/mr_new/.vscode/extensions/ms-mssql.mssql-1.3.1/node_modules/vscode-languageclient/lib/protocolConverter.js:129:9)
	at <anonymous>
[2018-05-12 14:56:35.007] [renderer1] [error] Cannot read property 'map' of null: TypeError: Cannot read property 'map' of null
	at asSignatureInformations (/home/mr_new/.vscode/extensions/ms-mssql.mssql-1.3.1/node_modules/vscode-languageclient/lib/protocolConverter.js:133:21)
	at /home/mr_new/.vscode/extensions/ms-mssql.mssql-1.3.1/node_modules/vscode-languageclient/lib/protocolConverter.js:129:71
	at set (/home/mr_new/.vscode/extensions/ms-mssql.mssql-1.3.1/node_modules/vscode-languageclient/lib/protocolConverter.js:89:13)
	at asSignatureHelp (/home/mr_new/.vscode/extensions/ms-mssql.mssql-1.3.1/node_modules/vscode-languageclient/lib/protocolConverter.js:129:9)
	at <anonymous>
[2018-05-12 14:56:38.083] [renderer1] [error] Cannot read property 'map' of null: TypeError: Cannot read property 'map' of null
	at asSignatureInformations (/home/mr_new/.vscode/extensions/ms-mssql.mssql-1.3.1/node_modules/vscode-languageclient/lib/protocolConverter.js:133:21)
	at /home/mr_new/.vscode/extensions/ms-mssql.mssql-1.3.1/node_modules/vscode-languageclient/lib/protocolConverter.js:129:71
	at set (/home/mr_new/.vscode/extensions/ms-mssql.mssql-1.3.1/node_modules/vscode-languageclient/lib/protocolConverter.js:89:13)
	at asSignatureHelp (/home/mr_new/.vscode/extensions/ms-mssql.mssql-1.3.1/node_modules/vscode-languageclient/lib/protocolConverter.js:129:9)
	at <anonymous>
[2018-05-12 14:56:40.124] [renderer1] [error] Cannot read property 'map' of null: TypeError: Cannot read property 'map' of null
	at asSignatureInformations (/home/mr_new/.vscode/extensions/ms-mssql.mssql-1.3.1/node_modules/vscode-languageclient/lib/protocolConverter.js:133:21)
	at /home/mr_new/.vscode/extensions/ms-mssql.mssql-1.3.1/node_modules/vscode-languageclient/lib/protocolConverter.js:129:71
	at set (/home/mr_new/.vscode/extensions/ms-mssql.mssql-1.3.1/node_modules/vscode-languageclient/lib/protocolConverter.js:89:13)
	at asSignatureHelp (/home/mr_new/.vscode/extensions/ms-mssql.mssql-1.3.1/node_modules/vscode-languageclient/lib/protocolConverter.js:129:9)
	at <anonymous>
[2018-05-12 14:56:42.946] [renderer1] [error] Illegal argument, contents must be defined: Error: Illegal argument, contents must be defined
	at new <anonymous> (/usr/share/code/resources/app/out/vs/workbench/node/extensionHostProcess.js:440:720)
	at asHover (/home/mr_new/.vscode/extensions/ms-mssql.mssql-1.3.1/node_modules/vscode-languageclient/lib/protocolConverter.js:71:16)
	at <anonymous>
[2018-05-12 14:56:53.271] [renderer1] [error] Illegal argument, contents must be defined: Error: Illegal argument, contents must be defined
	at new <anonymous> (/usr/share/code/resources/app/out/vs/workbench/node/extensionHostProcess.js:440:720)
	at asHover (/home/mr_new/.vscode/extensions/ms-mssql.mssql-1.3.1/node_modules/vscode-languageclient/lib/protocolConverter.js:71:16)
	at <anonymous>
[2018-05-12 14:56:58.084] [renderer1] [error] Illegal argument, contents must be defined: Error: Illegal argument, contents must be defined
	at new <anonymous> (/usr/share/code/resources/app/out/vs/workbench/node/extensionHostProcess.js:440:720)
	at asHover (/home/mr_new/.vscode/extensions/ms-mssql.mssql-1.3.1/node_modules/vscode-languageclient/lib/protocolConverter.js:71:16)
	at <anonymous>
[2018-05-12 14:57:11.842] [renderer1] [error] Illegal argument, contents must be defined: Error: Illegal argument, contents must be defined
	at new <anonymous> (/usr/share/code/resources/app/out/vs/workbench/node/extensionHostProcess.js:440:720)
	at asHover (/home/mr_new/.vscode/extensions/ms-mssql.mssql-1.3.1/node_modules/vscode-languageclient/lib/protocolConverter.js:71:16)
	at <anonymous>
[2018-05-12 14:57:16.654] [renderer1] [error] Illegal argument, contents must be defined: Error: Illegal argument, contents must be defined
	at new <anonymous> (/usr/share/code/resources/app/out/vs/workbench/node/extensionHostProcess.js:440:720)
	at asHover (/home/mr_new/.vscode/extensions/ms-mssql.mssql-1.3.1/node_modules/vscode-languageclient/lib/protocolConverter.js:71:16)
	at <anonymous>
[2018-05-12 14:57:18.129] [renderer1] [error] Illegal argument, contents must be defined: Error: Illegal argument, contents must be defined
	at new <anonymous> (/usr/share/code/resources/app/out/vs/workbench/node/extensionHostProcess.js:440:720)
	at asHover (/home/mr_new/.vscode/extensions/ms-mssql.mssql-1.3.1/node_modules/vscode-languageclient/lib/protocolConverter.js:71:16)
	at <anonymous>
[2018-05-12 14:57:28.025] [renderer1] [error] Illegal argument, contents must be defined: Error: Illegal argument, contents must be defined
	at new <anonymous> (/usr/share/code/resources/app/out/vs/workbench/node/extensionHostProcess.js:440:720)
	at asHover (/home/mr_new/.vscode/extensions/ms-mssql.mssql-1.3.1/node_modules/vscode-languageclient/lib/protocolConverter.js:71:16)
	at <anonymous>
[2018-05-12 14:57:44.861] [renderer1] [error] Cannot read property 'map' of null: TypeError: Cannot read property 'map' of null
	at asSignatureInformations (/home/mr_new/.vscode/extensions/ms-mssql.mssql-1.3.1/node_modules/vscode-languageclient/lib/protocolConverter.js:133:21)
	at /home/mr_new/.vscode/extensions/ms-mssql.mssql-1.3.1/node_modules/vscode-languageclient/lib/protocolConverter.js:129:71
	at set (/home/mr_new/.vscode/extensions/ms-mssql.mssql-1.3.1/node_modules/vscode-languageclient/lib/protocolConverter.js:89:13)
	at asSignatureHelp (/home/mr_new/.vscode/extensions/ms-mssql.mssql-1.3.1/node_modules/vscode-languageclient/lib/protocolConverter.js:129:9)
	at <anonymous>
[2018-05-12 14:57:48.200] [renderer1] [error] Illegal argument, contents must be defined: Error: Illegal argument, contents must be defined
	at new <anonymous> (/usr/share/code/resources/app/out/vs/workbench/node/extensionHostProcess.js:440:720)
	at asHover (/home/mr_new/.vscode/extensions/ms-mssql.mssql-1.3.1/node_modules/vscode-languageclient/lib/protocolConverter.js:71:16)
	at <anonymous>
[2018-05-12 14:57:58.319] [renderer1] [error] Illegal argument, contents must be defined: Error: Illegal argument, contents must be defined
	at new <anonymous> (/usr/share/code/resources/app/out/vs/workbench/node/extensionHostProcess.js:440:720)
	at asHover (/home/mr_new/.vscode/extensions/ms-mssql.mssql-1.3.1/node_modules/vscode-languageclient/lib/protocolConverter.js:71:16)
	at <anonymous>
[2018-05-12 14:57:58.905] [renderer1] [error] Cannot read property 'map' of null: TypeError: Cannot read property 'map' of null
	at asSignatureInformations (/home/mr_new/.vscode/extensions/ms-mssql.mssql-1.3.1/node_modules/vscode-languageclient/lib/protocolConverter.js:133:21)
	at /home/mr_new/.vscode/extensions/ms-mssql.mssql-1.3.1/node_modules/vscode-languageclient/lib/protocolConverter.js:129:71
	at set (/home/mr_new/.vscode/extensions/ms-mssql.mssql-1.3.1/node_modules/vscode-languageclient/lib/protocolConverter.js:89:13)
	at asSignatureHelp (/home/mr_new/.vscode/extensions/ms-mssql.mssql-1.3.1/node_modules/vscode-languageclient/lib/protocolConverter.js:129:9)
	at <anonymous>
[2018-05-12 14:58:09.335] [renderer1] [error] Cannot read property 'map' of null: TypeError: Cannot read property 'map' of null
	at asSignatureInformations (/home/mr_new/.vscode/extensions/ms-mssql.mssql-1.3.1/node_modules/vscode-languageclient/lib/protocolConverter.js:133:21)
	at /home/mr_new/.vscode/extensions/ms-mssql.mssql-1.3.1/node_modules/vscode-languageclient/lib/protocolConverter.js:129:71
	at set (/home/mr_new/.vscode/extensions/ms-mssql.mssql-1.3.1/node_modules/vscode-languageclient/lib/protocolConverter.js:89:13)
	at asSignatureHelp (/home/mr_new/.vscode/extensions/ms-mssql.mssql-1.3.1/node_modules/vscode-languageclient/lib/protocolConverter.js:129:9)
	at <anonymous>
[2018-05-12 14:58:13.824] [renderer1] [error] Cannot read property 'map' of null: TypeError: Cannot read property 'map' of null
	at asSignatureInformations (/home/mr_new/.vscode/extensions/ms-mssql.mssql-1.3.1/node_modules/vscode-languageclient/lib/protocolConverter.js:133:21)
	at /home/mr_new/.vscode/extensions/ms-mssql.mssql-1.3.1/node_modules/vscode-languageclient/lib/protocolConverter.js:129:71
	at set (/home/mr_new/.vscode/extensions/ms-mssql.mssql-1.3.1/node_modules/vscode-languageclient/lib/protocolConverter.js:89:13)
	at asSignatureHelp (/home/mr_new/.vscode/extensions/ms-mssql.mssql-1.3.1/node_modules/vscode-languageclient/lib/protocolConverter.js:129:9)
	at <anonymous>
[2018-05-12 14:58:22.205] [renderer1] [error] Cannot read property 'map' of null: TypeError: Cannot read property 'map' of null
	at asSignatureInformations (/home/mr_new/.vscode/extensions/ms-mssql.mssql-1.3.1/node_modules/vscode-languageclient/lib/protocolConverter.js:133:21)
	at /home/mr_new/.vscode/extensions/ms-mssql.mssql-1.3.1/node_modules/vscode-languageclient/lib/protocolConverter.js:129:71
	at set (/home/mr_new/.vscode/extensions/ms-mssql.mssql-1.3.1/node_modules/vscode-languageclient/lib/protocolConverter.js:89:13)
	at asSignatureHelp (/home/mr_new/.vscode/extensions/ms-mssql.mssql-1.3.1/node_modules/vscode-languageclient/lib/protocolConverter.js:129:9)
	at <anonymous>
[2018-05-12 14:58:26.250] [renderer1] [error] Cannot read property 'map' of null: TypeError: Cannot read property 'map' of null
	at asSignatureInformations (/home/mr_new/.vscode/extensions/ms-mssql.mssql-1.3.1/node_modules/vscode-languageclient/lib/protocolConverter.js:133:21)
	at /home/mr_new/.vscode/extensions/ms-mssql.mssql-1.3.1/node_modules/vscode-languageclient/lib/protocolConverter.js:129:71
	at set (/home/mr_new/.vscode/extensions/ms-mssql.mssql-1.3.1/node_modules/vscode-languageclient/lib/protocolConverter.js:89:13)
	at asSignatureHelp (/home/mr_new/.vscode/extensions/ms-mssql.mssql-1.3.1/node_modules/vscode-languageclient/lib/protocolConverter.js:129:9)
	at <anonymous>
[2018-05-12 14:58:29.713] [renderer1] [error] Cannot read property 'map' of null: TypeError: Cannot read property 'map' of null
	at asSignatureInformations (/home/mr_new/.vscode/extensions/ms-mssql.mssql-1.3.1/node_modules/vscode-languageclient/lib/protocolConverter.js:133:21)
	at /home/mr_new/.vscode/extensions/ms-mssql.mssql-1.3.1/node_modules/vscode-languageclient/lib/protocolConverter.js:129:71
	at set (/home/mr_new/.vscode/extensions/ms-mssql.mssql-1.3.1/node_modules/vscode-languageclient/lib/protocolConverter.js:89:13)
	at asSignatureHelp (/home/mr_new/.vscode/extensions/ms-mssql.mssql-1.3.1/node_modules/vscode-languageclient/lib/protocolConverter.js:129:9)
	at <anonymous>
[2018-05-12 14:58:34.926] [renderer1] [error] Illegal argument, contents must be defined: Error: Illegal argument, contents must be defined
	at new <anonymous> (/usr/share/code/resources/app/out/vs/workbench/node/extensionHostProcess.js:440:720)
	at asHover (/home/mr_new/.vscode/extensions/ms-mssql.mssql-1.3.1/node_modules/vscode-languageclient/lib/protocolConverter.js:71:16)
	at <anonymous>
[2018-05-12 14:58:54.022] [renderer1] [error] Cannot read property 'map' of null: TypeError: Cannot read property 'map' of null
	at asSignatureInformations (/home/mr_new/.vscode/extensions/ms-mssql.mssql-1.3.1/node_modules/vscode-languageclient/lib/protocolConverter.js:133:21)
	at /home/mr_new/.vscode/extensions/ms-mssql.mssql-1.3.1/node_modules/vscode-languageclient/lib/protocolConverter.js:129:71
	at set (/home/mr_new/.vscode/extensions/ms-mssql.mssql-1.3.1/node_modules/vscode-languageclient/lib/protocolConverter.js:89:13)
	at asSignatureHelp (/home/mr_new/.vscode/extensions/ms-mssql.mssql-1.3.1/node_modules/vscode-languageclient/lib/protocolConverter.js:129:9)
	at <anonymous>
[2018-05-12 14:58:55.629] [renderer1] [error] Cannot read property 'map' of null: TypeError: Cannot read property 'map' of null
	at asSignatureInformations (/home/mr_new/.vscode/extensions/ms-mssql.mssql-1.3.1/node_modules/vscode-languageclient/lib/protocolConverter.js:133:21)
	at /home/mr_new/.vscode/extensions/ms-mssql.mssql-1.3.1/node_modules/vscode-languageclient/lib/protocolConverter.js:129:71
	at set (/home/mr_new/.vscode/extensions/ms-mssql.mssql-1.3.1/node_modules/vscode-languageclient/lib/protocolConverter.js:89:13)
	at asSignatureHelp (/home/mr_new/.vscode/extensions/ms-mssql.mssql-1.3.1/node_modules/vscode-languageclient/lib/protocolConverter.js:129:9)
	at <anonymous>
[2018-05-12 14:58:57.478] [renderer1] [error] Cannot read property 'map' of null: TypeError: Cannot read property 'map' of null
	at asSignatureInformations (/home/mr_new/.vscode/extensions/ms-mssql.mssql-1.3.1/node_modules/vscode-languageclient/lib/protocolConverter.js:133:21)
	at /home/mr_new/.vscode/extensions/ms-mssql.mssql-1.3.1/node_modules/vscode-languageclient/lib/protocolConverter.js:129:71
	at set (/home/mr_new/.vscode/extensions/ms-mssql.mssql-1.3.1/node_modules/vscode-languageclient/lib/protocolConverter.js:89:13)
	at asSignatureHelp (/home/mr_new/.vscode/extensions/ms-mssql.mssql-1.3.1/node_modules/vscode-languageclient/lib/protocolConverter.js:129:9)
	at <anonymous>
[2018-05-12 14:58:58.863] [renderer1] [error] Cannot read property 'map' of null: TypeError: Cannot read property 'map' of null
	at asSignatureInformations (/home/mr_new/.vscode/extensions/ms-mssql.mssql-1.3.1/node_modules/vscode-languageclient/lib/protocolConverter.js:133:21)
	at /home/mr_new/.vscode/extensions/ms-mssql.mssql-1.3.1/node_modules/vscode-languageclient/lib/protocolConverter.js:129:71
	at set (/home/mr_new/.vscode/extensions/ms-mssql.mssql-1.3.1/node_modules/vscode-languageclient/lib/protocolConverter.js:89:13)
	at asSignatureHelp (/home/mr_new/.vscode/extensions/ms-mssql.mssql-1.3.1/node_modules/vscode-languageclient/lib/protocolConverter.js:129:9)
	at <anonymous>
[2018-05-12 14:59:07.839] [renderer1] [error] Cannot read property 'map' of null: TypeError: Cannot read property 'map' of null
	at asSignatureInformations (/home/mr_new/.vscode/extensions/ms-mssql.mssql-1.3.1/node_modules/vscode-languageclient/lib/protocolConverter.js:133:21)
	at /home/mr_new/.vscode/extensions/ms-mssql.mssql-1.3.1/node_modules/vscode-languageclient/lib/protocolConverter.js:129:71
	at set (/home/mr_new/.vscode/extensions/ms-mssql.mssql-1.3.1/node_modules/vscode-languageclient/lib/protocolConverter.js:89:13)
	at asSignatureHelp (/home/mr_new/.vscode/extensions/ms-mssql.mssql-1.3.1/node_modules/vscode-languageclient/lib/protocolConverter.js:129:9)
	at <anonymous>
[2018-05-12 14:59:17.873] [renderer1] [error] Cannot read property 'map' of null: TypeError: Cannot read property 'map' of null
	at asSignatureInformations (/home/mr_new/.vscode/extensions/ms-mssql.mssql-1.3.1/node_modules/vscode-languageclient/lib/protocolConverter.js:133:21)
	at /home/mr_new/.vscode/extensions/ms-mssql.mssql-1.3.1/node_modules/vscode-languageclient/lib/protocolConverter.js:129:71
	at set (/home/mr_new/.vscode/extensions/ms-mssql.mssql-1.3.1/node_modules/vscode-languageclient/lib/protocolConverter.js:89:13)
	at asSignatureHelp (/home/mr_new/.vscode/extensions/ms-mssql.mssql-1.3.1/node_modules/vscode-languageclient/lib/protocolConverter.js:129:9)
	at <anonymous>
[2018-05-12 14:59:25.334] [renderer1] [error] Cannot read property 'map' of null: TypeError: Cannot read property 'map' of null
	at asSignatureInformations (/home/mr_new/.vscode/extensions/ms-mssql.mssql-1.3.1/node_modules/vscode-languageclient/lib/protocolConverter.js:133:21)
	at /home/mr_new/.vscode/extensions/ms-mssql.mssql-1.3.1/node_modules/vscode-languageclient/lib/protocolConverter.js:129:71
	at set (/home/mr_new/.vscode/extensions/ms-mssql.mssql-1.3.1/node_modules/vscode-languageclient/lib/protocolConverter.js:89:13)
	at asSignatureHelp (/home/mr_new/.vscode/extensions/ms-mssql.mssql-1.3.1/node_modules/vscode-languageclient/lib/protocolConverter.js:129:9)
	at <anonymous>
[2018-05-12 14:59:59.698] [renderer1] [error] Cannot read property 'map' of null: TypeError: Cannot read property 'map' of null
	at asSignatureInformations (/home/mr_new/.vscode/extensions/ms-mssql.mssql-1.3.1/node_modules/vscode-languageclient/lib/protocolConverter.js:133:21)
	at /home/mr_new/.vscode/extensions/ms-mssql.mssql-1.3.1/node_modules/vscode-languageclient/lib/protocolConverter.js:129:71
	at set (/home/mr_new/.vscode/extensions/ms-mssql.mssql-1.3.1/node_modules/vscode-languageclient/lib/protocolConverter.js:89:13)
	at asSignatureHelp (/home/mr_new/.vscode/extensions/ms-mssql.mssql-1.3.1/node_modules/vscode-languageclient/lib/protocolConverter.js:129:9)
	at <anonymous>
[2018-05-12 15:00:00.745] [renderer1] [error] Cannot read property 'map' of null: TypeError: Cannot read property 'map' of null
	at asSignatureInformations (/home/mr_new/.vscode/extensions/ms-mssql.mssql-1.3.1/node_modules/vscode-languageclient/lib/protocolConverter.js:133:21)
	at /home/mr_new/.vscode/extensions/ms-mssql.mssql-1.3.1/node_modules/vscode-languageclient/lib/protocolConverter.js:129:71
	at set (/home/mr_new/.vscode/extensions/ms-mssql.mssql-1.3.1/node_modules/vscode-languageclient/lib/protocolConverter.js:89:13)
	at asSignatureHelp (/home/mr_new/.vscode/extensions/ms-mssql.mssql-1.3.1/node_modules/vscode-languageclient/lib/protocolConverter.js:129:9)
	at <anonymous>
[2018-05-12 15:02:33.055] [renderer1] [error] Illegal argument, contents must be defined: Error: Illegal argument, contents must be defined
	at new <anonymous> (/usr/share/code/resources/app/out/vs/workbench/node/extensionHostProcess.js:440:720)
	at asHover (/home/mr_new/.vscode/extensions/ms-mssql.mssql-1.3.1/node_modules/vscode-languageclient/lib/protocolConverter.js:71:16)
	at <anonymous>
[2018-05-12 20:17:56.045] [renderer1] [error] Illegal argument, contents must be defined: Error: Illegal argument, contents must be defined
	at new <anonymous> (/usr/share/code/resources/app/out/vs/workbench/node/extensionHostProcess.js:440:720)
	at asHover (/home/mr_new/.vscode/extensions/ms-mssql.mssql-1.3.1/node_modules/vscode-languageclient/lib/protocolConverter.js:71:16)
	at <anonymous>
[2018-05-12 20:18:04.706] [renderer1] [error] Illegal argument, contents must be defined: Error: Illegal argument, contents must be defined
	at new <anonymous> (/usr/share/code/resources/app/out/vs/workbench/node/extensionHostProcess.js:440:720)
	at asHover (/home/mr_new/.vscode/extensions/ms-mssql.mssql-1.3.1/node_modules/vscode-languageclient/lib/protocolConverter.js:71:16)
	at <anonymous>
[2018-05-12 20:18:06.688] [renderer1] [error] Illegal argument, contents must be defined: Error: Illegal argument, contents must be defined
	at new <anonymous> (/usr/share/code/resources/app/out/vs/workbench/node/extensionHostProcess.js:440:720)
	at asHover (/home/mr_new/.vscode/extensions/ms-mssql.mssql-1.3.1/node_modules/vscode-languageclient/lib/protocolConverter.js:71:16)
	at <anonymous>
[2018-05-12 20:18:14.315] [renderer1] [error] Illegal argument, contents must be defined: Error: Illegal argument, contents must be defined
	at new <anonymous> (/usr/share/code/resources/app/out/vs/workbench/node/extensionHostProcess.js:440:720)
	at asHover (/home/mr_new/.vscode/extensions/ms-mssql.mssql-1.3.1/node_modules/vscode-languageclient/lib/protocolConverter.js:71:16)
	at <anonymous>
