[2018-05-12 14:23:23.031] [sharedprocess] [info] main {"machineId":"a18c3ecc1a0c83ef47bbfb02aa667a89a95e13dd2432340a05de550d4149645f"}
[2018-05-12 14:23:23.099] [sharedprocess] [info] Scanned user extensions: 9
[2018-05-12 14:23:23.138] [sharedprocess] [info] Scanned system extensions: 69
[2018-05-12 14:23:24.589] [sharedprocess] [info] Scanned user extensions: 9
[2018-05-12 14:23:24.595] [sharedprocess] [info] Scanned user extensions: 9
[2018-05-12 14:23:24.608] [sharedprocess] [info] Scanned user extensions: 9
[2018-05-12 14:23:24.665] [sharedprocess] [info] Scanned system extensions: 69
[2018-05-12 14:23:24.671] [sharedprocess] [info] Scanned system extensions: 69
[2018-05-12 14:23:27.269] [sharedprocess] [info] Scanned user extensions: 9
[2018-05-12 14:24:03.036] [sharedprocess] [info] Starting to clean up unused language packs.
[2018-05-12 14:28:27.301] [sharedprocess] [info] Scanned user extensions: 9
[2018-05-12 14:33:27.332] [sharedprocess] [info] Scanned user extensions: 9
[2018-05-12 14:38:27.373] [sharedprocess] [info] Scanned user extensions: 9
[2018-05-12 14:42:14.603] [sharedprocess] [info] Scanned user extensions: 9
[2018-05-12 14:42:19.134] [sharedprocess] [info] Scanned user extensions: 9
[2018-05-12 14:42:19.145] [sharedprocess] [info] Scanned user extensions: 9
[2018-05-12 14:42:19.151] [sharedprocess] [info] Scanned user extensions: 9
[2018-05-12 14:42:19.206] [sharedprocess] [info] Scanned system extensions: 69
[2018-05-12 14:42:19.211] [sharedprocess] [info] Scanned system extensions: 69
[2018-05-12 14:42:19.234] [sharedprocess] [info] Scanned user extensions: 9
[2018-05-12 14:42:19.256] [sharedprocess] [info] Scanned system extensions: 69
[2018-05-12 14:42:19.962] [sharedprocess] [info] Installing extension: mssql
[2018-05-12 14:42:19.972] [sharedprocess] [info] Scanned user extensions: 9
[2018-05-12 14:42:19.984] [sharedprocess] [info] Scanned user extensions: 9
[2018-05-12 14:42:20.000] [sharedprocess] [info] Scanned system extensions: 69
[2018-05-12 14:42:24.835] [sharedprocess] [info] Downloaded extension: mssql
[2018-05-12 14:42:27.169] [sharedprocess] [info] Extracted extension to /home/mr_new/.vscode/extensions/.ms-mssql.mssql-1.3.1: ms-mssql.mssql-1.3.1
[2018-05-12 14:42:27.169] [sharedprocess] [info] Renamed to /home/mr_new/.vscode/extensions/ms-mssql.mssql-1.3.1
[2018-05-12 14:42:27.169] [sharedprocess] [info] Installation completed. ms-mssql.mssql-1.3.1
[2018-05-12 14:42:27.265] [sharedprocess] [info] Extensions installed successfully: ms-mssql.mssql
[2018-05-12 14:42:27.420] [sharedprocess] [info] Scanned user extensions: 10
[2018-05-12 14:42:27.448] [sharedprocess] [info] Scanned system extensions: 69
[2018-05-12 14:42:29.970] [sharedprocess] [info] Scanned user extensions: 10
[2018-05-12 14:42:29.976] [sharedprocess] [info] Scanned user extensions: 10
[2018-05-12 14:42:30.006] [sharedprocess] [info] Scanned user extensions: 10
[2018-05-12 14:42:30.013] [sharedprocess] [info] Scanned user extensions: 10
[2018-05-12 14:42:30.015] [sharedprocess] [info] Scanned user extensions: 10
[2018-05-12 14:42:30.024] [sharedprocess] [info] Scanned user extensions: 10
[2018-05-12 14:42:30.073] [sharedprocess] [info] Scanned system extensions: 69
[2018-05-12 14:42:30.077] [sharedprocess] [info] Scanned system extensions: 69
[2018-05-12 14:42:30.083] [sharedprocess] [info] Scanned system extensions: 69
[2018-05-12 14:42:33.112] [sharedprocess] [info] Scanned user extensions: 10
[2018-05-12 14:47:33.163] [sharedprocess] [info] Scanned user extensions: 10
[2018-05-12 14:52:33.217] [sharedprocess] [info] Scanned user extensions: 10
[2018-05-12 14:57:33.244] [sharedprocess] [info] Scanned user extensions: 10
[2018-05-12 15:02:33.266] [sharedprocess] [info] Scanned user extensions: 10
[2018-05-12 15:02:42.088] [sharedprocess] [info] Scanned user extensions: 10
[2018-05-12 15:02:42.098] [sharedprocess] [info] Scanned user extensions: 10
[2018-05-12 15:02:42.130] [sharedprocess] [info] Scanned user extensions: 10
[2018-05-12 15:02:42.164] [sharedprocess] [info] Scanned system extensions: 69
[2018-05-12 15:02:42.171] [sharedprocess] [info] Scanned system extensions: 69
[2018-05-12 15:02:44.779] [sharedprocess] [info] Scanned user extensions: 10
[2018-05-12 15:07:44.837] [sharedprocess] [info] Scanned user extensions: 10
[2018-05-12 15:12:44.859] [sharedprocess] [info] Scanned user extensions: 10
[2018-05-12 15:17:44.898] [sharedprocess] [info] Scanned user extensions: 10
[2018-05-12 15:22:44.920] [sharedprocess] [info] Scanned user extensions: 10
[2018-05-12 15:27:45.036] [sharedprocess] [info] Scanned user extensions: 10
[2018-05-12 15:32:45.077] [sharedprocess] [info] Scanned user extensions: 10
[2018-05-12 15:37:45.126] [sharedprocess] [info] Scanned user extensions: 10
[2018-05-12 15:42:45.173] [sharedprocess] [info] Scanned user extensions: 10
[2018-05-12 15:47:45.229] [sharedprocess] [info] Scanned user extensions: 10
[2018-05-12 15:52:45.266] [sharedprocess] [info] Scanned user extensions: 10
[2018-05-12 15:57:45.320] [sharedprocess] [info] Scanned user extensions: 10
[2018-05-12 16:02:45.360] [sharedprocess] [info] Scanned user extensions: 10
[2018-05-12 16:07:45.388] [sharedprocess] [info] Scanned user extensions: 10
[2018-05-12 16:12:45.410] [sharedprocess] [info] Scanned user extensions: 10
[2018-05-12 16:17:45.784] [sharedprocess] [info] Scanned user extensions: 10
[2018-05-12 16:22:45.817] [sharedprocess] [info] Scanned user extensions: 10
[2018-05-12 16:27:45.956] [sharedprocess] [info] Scanned user extensions: 10
[2018-05-12 16:32:46.166] [sharedprocess] [info] Scanned user extensions: 10
[2018-05-12 16:37:46.190] [sharedprocess] [info] Scanned user extensions: 10
[2018-05-12 16:42:46.228] [sharedprocess] [info] Scanned user extensions: 10
[2018-05-12 16:47:46.273] [sharedprocess] [info] Scanned user extensions: 10
[2018-05-12 16:52:46.296] [sharedprocess] [info] Scanned user extensions: 10
[2018-05-12 16:57:46.335] [sharedprocess] [info] Scanned user extensions: 10
[2018-05-12 17:02:46.377] [sharedprocess] [info] Scanned user extensions: 10
[2018-05-12 17:07:46.422] [sharedprocess] [info] Scanned user extensions: 10
[2018-05-12 17:12:46.448] [sharedprocess] [info] Scanned user extensions: 10
[2018-05-12 17:17:46.494] [sharedprocess] [info] Scanned user extensions: 10
[2018-05-12 17:22:46.549] [sharedprocess] [info] Scanned user extensions: 10
[2018-05-12 17:27:46.701] [sharedprocess] [info] Scanned user extensions: 10
[2018-05-12 17:32:46.754] [sharedprocess] [info] Scanned user extensions: 10
[2018-05-12 17:37:46.778] [sharedprocess] [info] Scanned user extensions: 10
[2018-05-12 17:42:46.800] [sharedprocess] [info] Scanned user extensions: 10
[2018-05-12 17:47:46.824] [sharedprocess] [info] Scanned user extensions: 10
[2018-05-12 17:52:46.851] [sharedprocess] [info] Scanned user extensions: 10
[2018-05-12 17:57:46.871] [sharedprocess] [info] Scanned user extensions: 10
[2018-05-12 18:02:46.893] [sharedprocess] [info] Scanned user extensions: 10
[2018-05-12 18:07:46.920] [sharedprocess] [info] Scanned user extensions: 10
[2018-05-12 18:12:46.944] [sharedprocess] [info] Scanned user extensions: 10
[2018-05-12 18:17:46.973] [sharedprocess] [info] Scanned user extensions: 10
[2018-05-12 18:22:46.996] [sharedprocess] [info] Scanned user extensions: 10
[2018-05-12 18:27:47.120] [sharedprocess] [info] Scanned user extensions: 10
[2018-05-12 18:32:47.142] [sharedprocess] [info] Scanned user extensions: 10
[2018-05-12 18:37:47.163] [sharedprocess] [info] Scanned user extensions: 10
[2018-05-12 18:42:47.184] [sharedprocess] [info] Scanned user extensions: 10
[2018-05-12 18:47:47.205] [sharedprocess] [info] Scanned user extensions: 10
[2018-05-12 18:52:47.224] [sharedprocess] [info] Scanned user extensions: 10
[2018-05-12 18:57:47.276] [sharedprocess] [info] Scanned user extensions: 10
[2018-05-12 19:02:47.318] [sharedprocess] [info] Scanned user extensions: 10
[2018-05-12 19:07:47.341] [sharedprocess] [info] Scanned user extensions: 10
[2018-05-12 19:12:47.385] [sharedprocess] [info] Scanned user extensions: 10
[2018-05-12 19:17:47.426] [sharedprocess] [info] Scanned user extensions: 10
[2018-05-12 19:22:47.462] [sharedprocess] [info] Scanned user extensions: 10
[2018-05-12 19:27:47.666] [sharedprocess] [info] Scanned user extensions: 10
[2018-05-12 19:32:47.708] [sharedprocess] [info] Scanned user extensions: 10
[2018-05-12 19:37:47.766] [sharedprocess] [info] Scanned user extensions: 10
[2018-05-12 19:42:47.795] [sharedprocess] [info] Scanned user extensions: 10
[2018-05-12 19:47:47.817] [sharedprocess] [info] Scanned user extensions: 10
[2018-05-12 19:52:47.847] [sharedprocess] [info] Scanned user extensions: 10
[2018-05-12 19:57:47.887] [sharedprocess] [info] Scanned user extensions: 10
[2018-05-12 20:02:47.929] [sharedprocess] [info] Scanned user extensions: 10
[2018-05-12 20:07:47.985] [sharedprocess] [info] Scanned user extensions: 10
[2018-05-12 20:12:48.029] [sharedprocess] [info] Scanned user extensions: 10
[2018-05-12 20:17:48.058] [sharedprocess] [info] Scanned user extensions: 10
[2018-05-12 20:17:49.749] [sharedprocess] [info] Scanned user extensions: 10
[2018-05-12 20:22:48.110] [sharedprocess] [info] Scanned user extensions: 10
[2018-05-12 20:27:48.243] [sharedprocess] [info] Scanned user extensions: 10
[2018-05-12 20:32:48.268] [sharedprocess] [info] Scanned user extensions: 10
[2018-05-12 20:37:48.292] [sharedprocess] [info] Scanned user extensions: 10
[2018-05-12 20:42:48.326] [sharedprocess] [info] Scanned user extensions: 10
[2018-05-12 20:47:48.346] [sharedprocess] [info] Scanned user extensions: 10
[2018-05-12 20:52:48.394] [sharedprocess] [info] Scanned user extensions: 10
[2018-05-12 20:57:48.433] [sharedprocess] [info] Scanned user extensions: 10
[2018-05-12 21:02:48.459] [sharedprocess] [info] Scanned user extensions: 10
